2018-01-09 22:37:20,237 INFO CSV URLs generated
2018-01-09 22:37:20,237 INFO Zip file URLs generated
2018-01-09 22:37:20,237 INFO Reading csv from https://s3.amazonaws.com/hubway-data/hubway_Trips_2011.csv
2018-01-09 22:37:23,877 INFO Data frame added
2018-01-09 22:37:23,877 INFO Reading csv from https://s3.amazonaws.com/hubway-data/hubway_Trips_2012.csv
2018-01-09 22:37:30,745 INFO Data frame added
2018-01-09 22:37:30,747 INFO Reading csv from https://s3.amazonaws.com/hubway-data/hubway_Trips_2013.csv
2018-01-09 22:37:42,088 INFO Data frame added
2018-01-09 22:37:42,090 INFO Reading csv from https://s3.amazonaws.com/hubway-data/hubway_Trips_2014_1.csv
2018-01-09 22:37:48,946 INFO Data frame added
2018-01-09 22:37:48,946 INFO Reading csv from https://s3.amazonaws.com/hubway-data/hubway_Trips_2014_2.csv
2018-01-09 22:37:59,155 INFO Data frame added
2018-01-09 22:37:59,157 INFO Creating merged data frame
2018-01-09 22:38:01,595 INFO Writing csv
2018-01-09 22:38:20,726 INFO Reading csv from https://s3.amazonaws.com/hubway-data/201501-hubway-tripdata.zip
2018-01-09 22:38:21,605 INFO Data frame added
2018-01-09 22:38:21,605 INFO Reading csv from https://s3.amazonaws.com/hubway-data/201502-hubway-tripdata.zip
2018-01-09 22:38:21,927 INFO Data frame added
2018-01-09 22:38:21,927 INFO Reading csv from https://s3.amazonaws.com/hubway-data/201503-hubway-tripdata.zip
2018-01-09 22:38:22,444 INFO Data frame added
2018-01-09 22:38:22,444 INFO Reading csv from https://s3.amazonaws.com/hubway-data/201504-hubway-tripdata.zip
2018-01-09 22:38:23,674 INFO Data frame added
2018-01-09 22:38:23,674 INFO Reading csv from https://s3.amazonaws.com/hubway-data/201505-hubway-tripdata.zip
2018-01-09 22:38:26,137 INFO Data frame added
2018-01-09 22:38:26,137 INFO Reading csv from https://s3.amazonaws.com/hubway-data/201506-hubway-tripdata.zip
2018-01-09 22:38:28,503 INFO Data frame added
2018-01-09 22:38:28,503 INFO Reading csv from https://s3.amazonaws.com/hubway-data/201507-hubway-tripdata.zip
2018-01-09 22:38:31,107 INFO Data frame added
2018-01-09 22:38:31,107 INFO Reading csv from https://s3.amazonaws.com/hubway-data/201508-hubway-tripdata.zip
2018-01-09 22:38:33,676 INFO Data frame added
2018-01-09 22:38:33,676 INFO Reading csv from https://s3.amazonaws.com/hubway-data/201509-hubway-tripdata.zip
2018-01-09 22:38:36,320 INFO Data frame added
2018-01-09 22:38:36,320 INFO Reading csv from https://s3.amazonaws.com/hubway-data/201510-hubway-tripdata.zip
2018-01-09 22:38:38,370 INFO Data frame added
2018-01-09 22:38:38,372 INFO Reading csv from https://s3.amazonaws.com/hubway-data/201511-hubway-tripdata.zip
2018-01-09 22:38:39,957 INFO Data frame added
2018-01-09 22:38:39,957 INFO Reading csv from https://s3.amazonaws.com/hubway-data/201512-hubway-tripdata.zip
2018-01-09 22:38:40,998 INFO Data frame added
2018-01-09 22:38:40,998 INFO Reading csv from https://s3.amazonaws.com/hubway-data/201601-hubway-tripdata.zip
2018-01-09 22:38:41,563 INFO Data frame added
2018-01-09 22:38:41,563 INFO Reading csv from https://s3.amazonaws.com/hubway-data/201602-hubway-tripdata.zip
2018-01-09 22:38:42,046 INFO Data frame added
2018-01-09 22:38:42,046 INFO Reading csv from https://s3.amazonaws.com/hubway-data/201603-hubway-tripdata.zip
2018-01-09 22:38:43,210 INFO Data frame added
2018-01-09 22:38:43,210 INFO Reading csv from https://s3.amazonaws.com/hubway-data/201604-hubway-tripdata.zip
2018-01-09 22:38:44,796 INFO Data frame added
2018-01-09 22:38:44,798 INFO Reading csv from https://s3.amazonaws.com/hubway-data/201605-hubway-tripdata.zip
2018-01-09 22:38:47,277 INFO Data frame added
2018-01-09 22:38:47,277 INFO Reading csv from https://s3.amazonaws.com/hubway-data/201606-hubway-tripdata.zip
2018-01-09 22:38:49,630 INFO Data frame added
2018-01-09 22:38:49,630 INFO Reading csv from https://s3.amazonaws.com/hubway-data/201607-hubway-tripdata.zip
2018-01-09 22:38:52,316 INFO Data frame added
2018-01-09 22:38:52,318 INFO Reading csv from https://s3.amazonaws.com/hubway-data/201608-hubway-tripdata.zip
2018-01-09 22:38:54,774 INFO Data frame added
2018-01-09 22:38:54,775 INFO Reading csv from https://s3.amazonaws.com/hubway-data/201609-hubway-tripdata.zip
2018-01-09 22:38:57,305 INFO Data frame added
2018-01-09 22:38:57,305 INFO Reading csv from https://s3.amazonaws.com/hubway-data/201610-hubway-tripdata.zip
2018-01-09 22:39:00,217 INFO Data frame added
2018-01-09 22:39:00,217 INFO Reading csv from https://s3.amazonaws.com/hubway-data/201611-hubway-tripdata.zip
2018-01-09 22:39:02,474 INFO Data frame added
2018-01-09 22:39:02,476 INFO Reading csv from https://s3.amazonaws.com/hubway-data/201612-hubway-tripdata.zip
2018-01-09 22:39:02,622 WARNING file not found
2018-01-09 22:39:02,622 INFO Reading csv from https://s3.amazonaws.com/hubway-data/201701-hubway-tripdata.zip
2018-01-09 22:39:03,381 INFO Data frame added
2018-01-09 22:39:03,381 INFO Reading csv from https://s3.amazonaws.com/hubway-data/201702-hubway-tripdata.zip
2018-01-09 22:39:04,006 INFO Data frame added
2018-01-09 22:39:04,006 INFO Reading csv from https://s3.amazonaws.com/hubway-data/201703-hubway-tripdata.zip
2018-01-09 22:39:04,905 INFO Data frame added
2018-01-09 22:39:04,906 INFO Reading csv from https://s3.amazonaws.com/hubway-data/201704-hubway-tripdata.zip
2018-01-09 22:39:06,672 INFO Data frame added
2018-01-09 22:39:06,672 INFO Reading csv from https://s3.amazonaws.com/hubway-data/201705-hubway-tripdata.zip
2018-01-09 22:39:09,083 INFO Data frame added
2018-01-09 22:39:09,084 INFO Reading csv from https://s3.amazonaws.com/hubway-data/201706-hubway-tripdata.zip
2018-01-09 22:39:12,597 INFO Data frame added
2018-01-09 22:39:12,597 INFO Reading csv from https://s3.amazonaws.com/hubway-data/201707-hubway-tripdata.zip
2018-01-09 22:39:15,345 INFO Data frame added
2018-01-09 22:39:15,347 INFO Reading csv from https://s3.amazonaws.com/hubway-data/201708-hubway-tripdata.zip
2018-01-09 22:39:18,224 INFO Data frame added
2018-01-09 22:39:18,224 INFO Reading csv from https://s3.amazonaws.com/hubway-data/201709-hubway-tripdata.zip
2018-01-09 22:39:20,696 INFO Data frame added
2018-01-09 22:39:20,700 INFO Reading csv from https://s3.amazonaws.com/hubway-data/201710-hubway-tripdata.zip
2018-01-09 22:39:21,264 WARNING file not found
2018-01-09 22:39:21,264 INFO Reading csv from https://s3.amazonaws.com/hubway-data/201711-hubway-tripdata.zip
2018-01-09 22:39:21,409 WARNING file not found
2018-01-09 22:39:21,409 INFO Reading csv from https://s3.amazonaws.com/hubway-data/201712-hubway-tripdata.zip
2018-01-09 22:39:21,546 WARNING file not found
2018-01-09 22:39:21,546 INFO Creating merged data frame
2018-01-09 22:40:10,153 INFO Writing csv
